0 info it worked if it ends with ok
1 verbose cli [ '/usr/local/bin/node', '/usr/local/bin/npm', 'run', 'test' ]
2 info using npm@4.1.2
3 info using node@v6.2.0
4 verbose run-script [ 'pretest', 'test', 'posttest' ]
5 info lifecycle exercise4@0.0.1~pretest: exercise4@0.0.1
6 silly lifecycle exercise4@0.0.1~pretest: no script for pretest, continuing
7 info lifecycle exercise4@0.0.1~test: exercise4@0.0.1
8 verbose lifecycle exercise4@0.0.1~test: unsafe-perm in lifecycle true
9 verbose lifecycle exercise4@0.0.1~test: PATH: /usr/local/lib/node_modules/npm/bin/node-gyp-bin:/Users/yejia_alice/labs/fetraining/exercise4/node_modules/.bin:/Users/yejia_alice/.jenv/shims:/Users/yejia_alice/.jenv/bin:/Users/yejia_alice/bin:/usr/local/bin:/usr/local/bin:/usr/bin:/bin:/usr/sbin:/sbin:/opt/local/bin:/opt/local/sbin:/usr/local/git/bin:/Users/yejia_alice/.nvm/versions/node/v4.2.2/bin:/Users/yejia_alice/.jenv/shims:/Users/yejia_alice/.jenv/bin:/Users/yejia_alice/bin:/Users/yejia_alice/mongodb/mongodb-osx-x86_64-3.0.5/bin:/Users/yejia_alice/.rvm/bin:/Users/yejia_alice/Documents/java-resource/gradle-3.3/bin:/Users/yejia_alice/Documents/java-resource/apache-maven-3.5.0/bin:/Users/yejia_alice/mongodb/mongodb-osx-x86_64-3.0.5/bin:/Users/yejia_alice/.rvm/bin:/Users/yejia_alice/Documents/java-resource/gradle-3.3/bin:/Users/yejia_alice/Documents/java-resource/apache-maven-3.5.0/bin
10 verbose lifecycle exercise4@0.0.1~test: CWD: /Users/yejia_alice/labs/fetraining/exercise4
11 silly lifecycle exercise4@0.0.1~test: Args: [ '-c', 'mocha' ]
12 silly lifecycle exercise4@0.0.1~test: Returned: code: 2  signal: null
13 info lifecycle exercise4@0.0.1~test: Failed to exec test script
14 verbose stack Error: exercise4@0.0.1 test: `mocha`
14 verbose stack Exit status 2
14 verbose stack     at EventEmitter.<anonymous> (/usr/local/lib/node_modules/npm/lib/utils/lifecycle.js:279:16)
14 verbose stack     at emitTwo (events.js:106:13)
14 verbose stack     at EventEmitter.emit (events.js:191:7)
14 verbose stack     at ChildProcess.<anonymous> (/usr/local/lib/node_modules/npm/lib/utils/spawn.js:40:14)
14 verbose stack     at emitTwo (events.js:106:13)
14 verbose stack     at ChildProcess.emit (events.js:191:7)
14 verbose stack     at maybeClose (internal/child_process.js:850:16)
14 verbose stack     at Process.ChildProcess._handle.onexit (internal/child_process.js:215:5)
15 verbose pkgid exercise4@0.0.1
16 verbose cwd /Users/yejia_alice/labs/fetraining/exercise4
17 error Darwin 16.4.0
18 error argv "/usr/local/bin/node" "/usr/local/bin/npm" "run" "test"
19 error node v6.2.0
20 error npm  v4.1.2
21 error code ELIFECYCLE
22 error exercise4@0.0.1 test: `mocha`
22 error Exit status 2
23 error Failed at the exercise4@0.0.1 test script 'mocha'.
23 error Make sure you have the latest version of node.js and npm installed.
23 error If you do, this is most likely a problem with the exercise4 package,
23 error not with npm itself.
23 error Tell the author that this fails on your system:
23 error     mocha
23 error You can get information on how to open an issue for this project with:
23 error     npm bugs exercise4
23 error Or if that isn't available, you can get their info via:
23 error     npm owner ls exercise4
23 error There is likely additional logging output above.
24 verbose exit [ 1, true ]
